-- 2021-02-25 10:23:23 (1)/opt/htdocs4/GoPlay/Controller/PlayRoom/Api/PlayRoomController.php:663 GoPlayBundle\Controller\PlayRoom\Api\PlayRoomController->logRequest
[[0;36mINFO[0m] uri='http://api-i18n.goplay.com/api/playroom/get_login_access_token?appLoginBid=609329&appName=goplayi18n&appver=1.1.2&clientId=c06de21425466d86&clientType=Android&lang=en&location=28800&os=1&packageChannel=offical&region=GB&sign=02da4fbfa18b1eee&timestamp=1614248620722&versionCode=12',request=array (
),response=array (
  'code' => 0,
  'msg' => 'Success',
  'data' => 
  array (
    'accessToken' => 'b9716b54f7b232fd449236cb1a507d4b1614248603',
    'clientType' => 'Android',
    'clientId' => 'c06de21425466d86',
    'openid' => '609329',
    'timestamp' => 1614248603,
    'appKey' => 'goplayi18n_room',
  ),
),bid='609329',userAgent='http://goplay.com'
-- 2021-02-25 10:54:20 (1)/opt/htdocs4/GoPlay/Controller/PlayRoom/Api/PlayRoomController.php:663 GoPlayBundle\Controller\PlayRoom\Api\PlayRoomController->logRequest
[[0;36mINFO[0m] uri='https://api-i18n.goplay.com/api/playroom/get_login_access_token?appLoginBid=608722&appName=goplayi18n&appver=1.1.6&clientId=313ff16ba22f309e&clientType=Android&lang=en&location=GMT%2008&os=1&packageChannel=offical&region=CN&sign=6e6b6cf0c196e722&timestamp=1614250459003&versionCode=13',request=array (
),response=array (
  'code' => 0,
  'msg' => 'Success',
  'data' => 
  array (
    'accessToken' => '33234215c35e21f760bf925217a513471614250460',
    'clientType' => 'Android',
    'clientId' => '313ff16ba22f309e',
    'openid' => '608722',
    'timestamp' => 1614250460,
    'appKey' => 'goplayi18n_room',
  ),
),bid='608722',userAgent='http://goplay.com'
-- 2021-02-25 10:54:20 (1)/opt/htdocs4/GoPlay/Controller/PlayRoom/Api/PlayRoomController.php:663 GoPlayBundle\Controller\PlayRoom\Api\PlayRoomController->logRequest
[[0;36mINFO[0m] uri='https://api-i18n.goplay.com/api/playroom/get_login_access_token?appLoginBid=608722&appName=goplayi18n&appver=1.1.6&clientId=313ff16ba22f309e&clientType=Android&lang=en&location=GMT%2008&os=1&packageChannel=offical&region=CN&sign=6e6b6cf0c196e722&timestamp=1614250460048&versionCode=13',request=array (
),response=array (
  'code' => 0,
  'msg' => 'Success',
  'data' => 
  array (
    'accessToken' => '33234215c35e21f760bf925217a513471614250460',
    'clientType' => 'Android',
    'clientId' => '313ff16ba22f309e',
    'openid' => '608722',
    'timestamp' => 1614250460,
    'appKey' => 'goplayi18n_room',
  ),
),bid='608722',userAgent='http://goplay.com'
-- 2021-02-25 10:54:26 (1)/opt/htdocs4/GoPlay/Controller/PlayRoom/Api/PlayRoomController.php:663 GoPlayBundle\Controller\PlayRoom\Api\PlayRoomController->logRequest
[[0;36mINFO[0m] uri='https://api-i18n.goplay.com/api/playroom/get_login_access_token?appLoginBid=608722&appName=goplayi18n&appver=1.1.6&clientId=313ff16ba22f309e&clientType=Android&lang=en&location=GMT%2008&os=1&packageChannel=offical&region=CN&sign=6e6b6cf0c196e722&timestamp=1614250465245&versionCode=13',request=array (
),response=array (
  'code' => 0,
  'msg' => 'Success',
  'data' => 
  array (
    'accessToken' => '8b4ccb1b0254e2ec1baffdd110a802a61614250466',
    'clientType' => 'Android',
    'clientId' => '313ff16ba22f309e',
    'openid' => '608722',
    'timestamp' => 1614250466,
    'appKey' => 'goplayi18n_room',
  ),
),bid='608722',userAgent='http://goplay.com'
-- 2021-02-25 10:54:34 (1)/opt/htdocs4/GoPlay/Controller/PlayRoom/Api/PlayRoomController.php:663 GoPlayBundle\Controller\PlayRoom\Api\PlayRoomController->logRequest
[[0;36mINFO[0m] uri='https://api-i18n.goplay.com/api/playroom/get_login_access_token?appLoginBid=608722&appName=goplayi18n&appver=1.1.6&clientId=313ff16ba22f309e&clientType=Android&lang=en&location=GMT%2008&os=1&packageChannel=offical&region=CN&sign=6e6b6cf0c196e722&timestamp=1614250473218&versionCode=13',request=array (
),response=array (
  'code' => 0,
  'msg' => 'Success',
  'data' => 
  array (
    'accessToken' => '7ac9b2669f7e88ed4afb581a63c00c121614250474',
    'clientType' => 'Android',
    'clientId' => '313ff16ba22f309e',
    'openid' => '608722',
    'timestamp' => 1614250474,
    'appKey' => 'goplayi18n_room',
  ),
),bid='608722',userAgent='http://goplay.com'
-- 2021-02-25 10:54:35 (1)/opt/htdocs4/GoPlay/Controller/PlayRoom/Api/PlayRoomController.php:663 GoPlayBundle\Controller\PlayRoom\Api\PlayRoomController->logRequest
[[0;36mINFO[0m] uri='https://api-i18n.goplay.com/api/playroom/get_login_access_token?appLoginBid=608722&appName=goplayi18n&appver=1.1.6&clientId=313ff16ba22f309e&clientType=Android&lang=en&location=GMT%2008&os=1&packageChannel=offical&region=CN&sign=6e6b6cf0c196e722&timestamp=1614250474132&versionCode=13',request=array (
),response=array (
  'code' => 0,
  'msg' => 'Success',
  'data' => 
  array (
    'accessToken' => 'b166a9b89d3752dc637c67812191bc101614250475',
    'clientType' => 'Android',
    'clientId' => '313ff16ba22f309e',
    'openid' => '608722',
    'timestamp' => 1614250475,
    'appKey' => 'goplayi18n_room',
  ),
),bid='608722',userAgent='http://goplay.com'
-- 2021-02-25 10:54:40 (1)/opt/htdocs4/GoPlay/Controller/PlayRoom/Api/PlayRoomController.php:663 GoPlayBundle\Controller\PlayRoom\Api\PlayRoomController->logRequest
[[0;36mINFO[0m] uri='https://api-i18n.goplay.com/api/playroom/get_login_access_token?appLoginBid=608722&appName=goplayi18n&appver=1.1.6&clientId=313ff16ba22f309e&clientType=Android&lang=en&location=GMT%2008&os=1&packageChannel=offical&region=CN&sign=6e6b6cf0c196e722&timestamp=1614250479341&versionCode=13',request=array (
),response=array (
  'code' => 0,
  'msg' => 'Success',
  'data' => 
  array (
    'accessToken' => '6ddc22728e112d7f97313bbdf0bec5271614250480',
    'clientType' => 'Android',
    'clientId' => '313ff16ba22f309e',
    'openid' => '608722',
    'timestamp' => 1614250480,
    'appKey' => 'goplayi18n_room',
  ),
),bid='608722',userAgent='http://goplay.com'
-- 2021-02-25 10:54:45 (1)/opt/htdocs4/GoPlay/Controller/PlayRoom/Api/PlayRoomController.php:663 GoPlayBundle\Controller\PlayRoom\Api\PlayRoomController->logRequest
[[0;36mINFO[0m] uri='https://api-i18n.goplay.com/api/playroom/get_login_access_token?appLoginBid=608722&appName=goplayi18n&appver=1.1.6&clientId=313ff16ba22f309e&clientType=Android&lang=en&location=GMT%2008&os=1&packageChannel=offical&region=CN&sign=6e6b6cf0c196e722&timestamp=1614250484602&versionCode=13',request=array (
),response=array (
  'code' => 0,
  'msg' => 'Success',
  'data' => 
  array (
    'accessToken' => '1ad810481cca7e30bf9fdad7e5928fe51614250485',
    'clientType' => 'Android',
    'clientId' => '313ff16ba22f309e',
    'openid' => '608722',
    'timestamp' => 1614250485,
    'appKey' => 'goplayi18n_room',
  ),
),bid='608722',userAgent='http://goplay.com'
-- 2021-02-25 10:54:50 (1)/opt/htdocs4/GoPlay/Controller/PlayRoom/Api/PlayRoomController.php:663 GoPlayBundle\Controller\PlayRoom\Api\PlayRoomController->logRequest
[[0;36mINFO[0m] uri='https://api-i18n.goplay.com/api/playroom/get_login_access_token?appLoginBid=608722&appName=goplayi18n&appver=1.1.6&clientId=313ff16ba22f309e&clientType=Android&lang=en&location=GMT%2008&os=1&packageChannel=offical&region=CN&sign=6e6b6cf0c196e722&timestamp=1614250489864&versionCode=13',request=array (
),response=array (
  'code' => 0,
  'msg' => 'Success',
  'data' => 
  array (
    'accessToken' => '3bbf012ca85dd1a4fd203ae655e780ab1614250490',
    'clientType' => 'Android',
    'clientId' => '313ff16ba22f309e',
    'openid' => '608722',
    'timestamp' => 1614250490,
    'appKey' => 'goplayi18n_room',
  ),
),bid='608722',userAgent='http://goplay.com'
-- 2021-02-25 10:54:56 (1)/opt/htdocs4/GoPlay/Controller/PlayRoom/Api/PlayRoomController.php:663 GoPlayBundle\Controller\PlayRoom\Api\PlayRoomController->logRequest
[[0;36mINFO[0m] uri='https://api-i18n.goplay.com/api/playroom/get_login_access_token?appLoginBid=608722&appName=goplayi18n&appver=1.1.6&clientId=313ff16ba22f309e&clientType=Android&lang=en&location=GMT%2008&os=1&packageChannel=offical&region=CN&sign=6e6b6cf0c196e722&timestamp=1614250495209&versionCode=13',request=array (
),response=array (
  'code' => 0,
  'msg' => 'Success',
  'data' => 
  array (
    'accessToken' => 'b89984c078d8040b6884edcb35e4b1e11614250496',
    'clientType' => 'Android',
    'clientId' => '313ff16ba22f309e',
    'openid' => '608722',
    'timestamp' => 1614250496,
    'appKey' => 'goplayi18n_room',
  ),
),bid='608722',userAgent='http://goplay.com'
-- 2021-02-25 10:55:01 (1)/opt/htdocs4/GoPlay/Controller/PlayRoom/Api/PlayRoomController.php:663 GoPlayBundle\Controller\PlayRoom\Api\PlayRoomController->logRequest
[[0;36mINFO[0m] uri='https://api-i18n.goplay.com/api/playroom/get_login_access_token?appLoginBid=608722&appName=goplayi18n&appver=1.1.6&clientId=313ff16ba22f309e&clientType=Android&lang=en&location=GMT%2008&os=1&packageChannel=offical&region=CN&sign=6e6b6cf0c196e722&timestamp=1614250500492&versionCode=13',request=array (
),response=array (
  'code' => 0,
  'msg' => 'Success',
  'data' => 
  array (
    'accessToken' => 'd651765e7897036f68c2ae8c6dfe97a01614250501',
    'clientType' => 'Android',
    'clientId' => '313ff16ba22f309e',
    'openid' => '608722',
    'timestamp' => 1614250501,
    'appKey' => 'goplayi18n_room',
  ),
),bid='608722',userAgent='http://goplay.com'
-- 2021-02-25 10:55:06 (1)/opt/htdocs4/GoPlay/Controller/PlayRoom/Api/PlayRoomController.php:663 GoPlayBundle\Controller\PlayRoom\Api\PlayRoomController->logRequest
[[0;36mINFO[0m] uri='https://api-i18n.goplay.com/api/playroom/get_login_access_token?appLoginBid=608722&appName=goplayi18n&appver=1.1.6&clientId=313ff16ba22f309e&clientType=Android&lang=en&location=GMT%2008&os=1&packageChannel=offical&region=CN&sign=6e6b6cf0c196e722&timestamp=1614250505735&versionCode=13',request=array (
),response=array (
  'code' => 0,
  'msg' => 'Success',
  'data' => 
  array (
    'accessToken' => '2c01ce30a7103dbdbb87ff519da3f29c1614250506',
    'clientType' => 'Android',
    'clientId' => '313ff16ba22f309e',
    'openid' => '608722',
    'timestamp' => 1614250506,
    'appKey' => 'goplayi18n_room',
  ),
),bid='608722',userAgent='http://goplay.com'
-- 2021-02-25 10:55:11 (1)/opt/htdocs4/GoPlay/Controller/PlayRoom/Api/PlayRoomController.php:663 GoPlayBundle\Controller\PlayRoom\Api\PlayRoomController->logRequest
[[0;36mINFO[0m] uri='https://api-i18n.goplay.com/api/playroom/get_login_access_token?appLoginBid=608722&appName=goplayi18n&appver=1.1.6&clientId=313ff16ba22f309e&clientType=Android&lang=en&location=GMT%2008&os=1&packageChannel=offical&region=CN&sign=6e6b6cf0c196e722&timestamp=1614250510983&versionCode=13',request=array (
),response=array (
  'code' => 0,
  'msg' => 'Success',
  'data' => 
  array (
    'accessToken' => '136406ae3a2c1ea6fe91decc1fb7d18b1614250511',
    'clientType' => 'Android',
    'clientId' => '313ff16ba22f309e',
    'openid' => '608722',
    'timestamp' => 1614250511,
    'appKey' => 'goplayi18n_room',
  ),
),bid='608722',userAgent='http://goplay.com'
-- 2021-02-25 10:55:17 (1)/opt/htdocs4/GoPlay/Controller/PlayRoom/Api/PlayRoomController.php:663 GoPlayBundle\Controller\PlayRoom\Api\PlayRoomController->logRequest
[[0;36mINFO[0m] uri='https://api-i18n.goplay.com/api/playroom/get_login_access_token?appLoginBid=608722&appName=goplayi18n&appver=1.1.6&clientId=313ff16ba22f309e&clientType=Android&lang=en&location=GMT%2008&os=1&packageChannel=offical&region=CN&sign=6e6b6cf0c196e722&timestamp=1614250516261&versionCode=13',request=array (
),response=array (
  'code' => 0,
  'msg' => 'Success',
  'data' => 
  array (
    'accessToken' => '6de870e2f4c7ea89149dd55f19154d7f1614250517',
    'clientType' => 'Android',
    'clientId' => '313ff16ba22f309e',
    'openid' => '608722',
    'timestamp' => 1614250517,
    'appKey' => 'goplayi18n_room',
  ),
),bid='608722',userAgent='http://goplay.com'
-- 2021-02-25 10:55:22 (1)/opt/htdocs4/GoPlay/Controller/PlayRoom/Api/PlayRoomController.php:663 GoPlayBundle\Controller\PlayRoom\Api\PlayRoomController->logRequest
[[0;36mINFO[0m] uri='https://api-i18n.goplay.com/api/playroom/get_login_access_token?appLoginBid=608722&appName=goplayi18n&appver=1.1.6&clientId=313ff16ba22f309e&clientType=Android&lang=en&location=GMT%2008&os=1&packageChannel=offical&region=CN&sign=6e6b6cf0c196e722&timestamp=1614250521501&versionCode=13',request=array (
),response=array (
  'code' => 0,
  'msg' => 'Success',
  'data' => 
  array (
    'accessToken' => '65ac408d76f44a6707d0430217be0a661614250522',
    'clientType' => 'Android',
    'clientId' => '313ff16ba22f309e',
    'openid' => '608722',
    'timestamp' => 1614250522,
    'appKey' => 'goplayi18n_room',
  ),
),bid='608722',userAgent='http://goplay.com'
-- 2021-02-25 10:55:27 (1)/opt/htdocs4/GoPlay/Controller/PlayRoom/Api/PlayRoomController.php:663 GoPlayBundle\Controller\PlayRoom\Api\PlayRoomController->logRequest
[[0;36mINFO[0m] uri='https://api-i18n.goplay.com/api/playroom/get_login_access_token?appLoginBid=608722&appName=goplayi18n&appver=1.1.6&clientId=313ff16ba22f309e&clientType=Android&lang=en&location=GMT%2008&os=1&packageChannel=offical&region=CN&sign=6e6b6cf0c196e722&timestamp=1614250526812&versionCode=13',request=array (
),response=array (
  'code' => 0,
  'msg' => 'Success',
  'data' => 
  array (
    'accessToken' => 'ad1d326cd479251981d51c5f3684bf3b1614250527',
    'clientType' => 'Android',
    'clientId' => '313ff16ba22f309e',
    'openid' => '608722',
    'timestamp' => 1614250527,
    'appKey' => 'goplayi18n_room',
  ),
),bid='608722',userAgent='http://goplay.com'
-- 2021-02-25 10:55:33 (1)/opt/htdocs4/GoPlay/Controller/PlayRoom/Api/PlayRoomController.php:663 GoPlayBundle\Controller\PlayRoom\Api\PlayRoomController->logRequest
[[0;36mINFO[0m] uri='https://api-i18n.goplay.com/api/playroom/get_login_access_token?appLoginBid=608722&appName=goplayi18n&appver=1.1.6&clientId=313ff16ba22f309e&clientType=Android&lang=en&location=GMT%2008&os=1&packageChannel=offical&region=CN&sign=6e6b6cf0c196e722&timestamp=1614250532109&versionCode=13',request=array (
),response=array (
  'code' => 0,
  'msg' => 'Success',
  'data' => 
  array (
    'accessToken' => '0605da3e90a13d562852ff99a651162a1614250533',
    'clientType' => 'Android',
    'clientId' => '313ff16ba22f309e',
    'openid' => '608722',
    'timestamp' => 1614250533,
    'appKey' => 'goplayi18n_room',
  ),
),bid='608722',userAgent='http://goplay.com'
-- 2021-02-25 10:55:38 (1)/opt/htdocs4/GoPlay/Controller/PlayRoom/Api/PlayRoomController.php:663 GoPlayBundle\Controller\PlayRoom\Api\PlayRoomController->logRequest
[[0;36mINFO[0m] uri='https://api-i18n.goplay.com/api/playroom/get_login_access_token?appLoginBid=608722&appName=goplayi18n&appver=1.1.6&clientId=313ff16ba22f309e&clientType=Android&lang=en&location=GMT%2008&os=1&packageChannel=offical&region=CN&sign=6e6b6cf0c196e722&timestamp=1614250537384&versionCode=13',request=array (
),response=array (
  'code' => 0,
  'msg' => 'Success',
  'data' => 
  array (
    'accessToken' => '87a4f637d952caac61d852d1723e97051614250538',
    'clientType' => 'Android',
    'clientId' => '313ff16ba22f309e',
    'openid' => '608722',
    'timestamp' => 1614250538,
    'appKey' => 'goplayi18n_room',
  ),
),bid='608722',userAgent='http://goplay.com'
-- 2021-02-25 10:55:43 (1)/opt/htdocs4/GoPlay/Controller/PlayRoom/Api/PlayRoomController.php:663 GoPlayBundle\Controller\PlayRoom\Api\PlayRoomController->logRequest
[[0;36mINFO[0m] uri='https://api-i18n.goplay.com/api/playroom/get_login_access_token?appLoginBid=608722&appName=goplayi18n&appver=1.1.6&clientId=313ff16ba22f309e&clientType=Android&lang=en&location=GMT%2008&os=1&packageChannel=offical&region=CN&sign=6e6b6cf0c196e722&timestamp=1614250542651&versionCode=13',request=array (
),response=array (
  'code' => 0,
  'msg' => 'Success',
  'data' => 
  array (
    'accessToken' => '2427ce713e7c4225c1f8e7054346998e1614250543',
    'clientType' => 'Android',
    'clientId' => '313ff16ba22f309e',
    'openid' => '608722',
    'timestamp' => 1614250543,
    'appKey' => 'goplayi18n_room',
  ),
),bid='608722',userAgent='http://goplay.com'
-- 2021-02-25 10:55:48 (1)/opt/htdocs4/GoPlay/Controller/PlayRoom/Api/PlayRoomController.php:663 GoPlayBundle\Controller\PlayRoom\Api\PlayRoomController->logRequest
[[0;36mINFO[0m] uri='https://api-i18n.goplay.com/api/playroom/get_login_access_token?appLoginBid=608722&appName=goplayi18n&appver=1.1.6&clientId=313ff16ba22f309e&clientType=Android&lang=en&location=GMT%2008&os=1&packageChannel=offical&region=CN&sign=6e6b6cf0c196e722&timestamp=1614250547987&versionCode=13',request=array (
),response=array (
  'code' => 0,
  'msg' => 'Success',
  'data' => 
  array (
    'accessToken' => 'ae54e6f6b9deb1177651432e372a20171614250548',
    'clientType' => 'Android',
    'clientId' => '313ff16ba22f309e',
    'openid' => '608722',
    'timestamp' => 1614250548,
    'appKey' => 'goplayi18n_room',
  ),
),bid='608722',userAgent='http://goplay.com'
-- 2021-02-25 10:55:54 (1)/opt/htdocs4/GoPlay/Controller/PlayRoom/Api/PlayRoomController.php:663 GoPlayBundle\Controller\PlayRoom\Api\PlayRoomController->logRequest
[[0;36mINFO[0m] uri='https://api-i18n.goplay.com/api/playroom/get_login_access_token?appLoginBid=608722&appName=goplayi18n&appver=1.1.6&clientId=313ff16ba22f309e&clientType=Android&lang=en&location=GMT%2008&os=1&packageChannel=offical&region=CN&sign=6e6b6cf0c196e722&timestamp=1614250553248&versionCode=13',request=array (
),response=array (
  'code' => 0,
  'msg' => 'Success',
  'data' => 
  array (
    'accessToken' => 'd3861b3fa3bf68297dd3ceff0ac29c7a1614250554',
    'clientType' => 'Android',
    'clientId' => '313ff16ba22f309e',
    'openid' => '608722',
    'timestamp' => 1614250554,
    'appKey' => 'goplayi18n_room',
  ),
),bid='608722',userAgent='http://goplay.com'
-- 2021-02-25 10:55:59 (1)/opt/htdocs4/GoPlay/Controller/PlayRoom/Api/PlayRoomController.php:663 GoPlayBundle\Controller\PlayRoom\Api\PlayRoomController->logRequest
[[0;36mINFO[0m] uri='https://api-i18n.goplay.com/api/playroom/get_login_access_token?appLoginBid=608722&appName=goplayi18n&appver=1.1.6&clientId=313ff16ba22f309e&clientType=Android&lang=en&location=GMT%2008&os=1&packageChannel=offical&region=CN&sign=6e6b6cf0c196e722&timestamp=1614250558502&versionCode=13',request=array (
),response=array (
  'code' => 0,
  'msg' => 'Success',
  'data' => 
  array (
    'accessToken' => 'd9a5ba6f8be1d8b8a14beac4a5863a621614250559',
    'clientType' => 'Android',
    'clientId' => '313ff16ba22f309e',
    'openid' => '608722',
    'timestamp' => 1614250559,
    'appKey' => 'goplayi18n_room',
  ),
),bid='608722',userAgent='http://goplay.com'
